[gosec] 2024/12/30 13:53:25 Including rules: default
[gosec] 2024/12/30 13:53:25 Excluding rules: default
[gosec] 2024/12/30 13:53:25 Including analyzers: default
[gosec] 2024/12/30 13:53:25 Excluding analyzers: default
[gosec] 2024/12/30 13:53:25 Import directory: /home/yuji/Workspace/private_dev/go-docker-template/backend/internal/1_framework/input/grpc/person
[gosec] 2024/12/30 13:53:25 Import directory: /home/yuji/Workspace/private_dev/go-docker-template/backend/internal/4_domain/value_object
[gosec] 2024/12/30 13:53:25 Checking package: person
[gosec] 2024/12/30 13:53:25 Checking file: /home/yuji/Workspace/private_dev/go-docker-template/backend/internal/1_framework/input/grpc/person/person.go
[gosec] 2024/12/30 13:53:25 Ignoring generated file: /home/yuji/Workspace/private_dev/go-docker-template/backend/internal/1_framework/input/grpc/person/person.pb.go
[gosec] 2024/12/30 13:53:25 Ignoring generated file: /home/yuji/Workspace/private_dev/go-docker-template/backend/internal/1_framework/input/grpc/person/person_grpc.pb.go
[gosec] 2024/12/30 13:53:25 Panic when running SSA analyser on package: person
[gosec] 2024/12/30 13:53:25 Error building the SSA representation of the package "person": %!s(<nil>)
[gosec] 2024/12/30 13:53:25 Checking package: value_object
[gosec] 2024/12/30 13:53:25 Checking file: /home/yuji/Workspace/private_dev/go-docker-template/backend/internal/4_domain/value_object/id.go
[gosec] 2024/12/30 13:53:25 Import directory: /home/yuji/Workspace/private_dev/go-docker-template/backend/internal/1_framework/input/go-echo/http_parameter
[gosec] 2024/12/30 13:53:25 Checking file: /home/yuji/Workspace/private_dev/go-docker-template/backend/internal/4_domain/value_object/mail_address.go
[gosec] 2024/12/30 13:53:25 Checking file: /home/yuji/Workspace/private_dev/go-docker-template/backend/internal/4_domain/value_object/name.go
[gosec] 2024/12/30 13:53:26 Panic when running SSA analyser on package: value_object
[gosec] 2024/12/30 13:53:26 Error building the SSA representation of the package "value_object": %!s(<nil>)
[gosec] 2024/12/30 13:53:26 Checking package: http_parameter
[gosec] 2024/12/30 13:53:26 Checking file: /home/yuji/Workspace/private_dev/go-docker-template/backend/internal/1_framework/input/go-echo/http_parameter/data.go
[gosec] 2024/12/30 13:53:26 Import directory: /home/yuji/Workspace/private_dev/go-docker-template/backend/internal/1_framework/input/go-echo
[gosec] 2024/12/30 13:53:26 Import directory: /home/yuji/Workspace/private_dev/go-docker-template/backend/internal/1_framework/input/go-echo/v1
[gosec] 2024/12/30 13:53:26 Checking package: mobile
[gosec] 2024/12/30 13:53:26 Checking file: /home/yuji/Workspace/private_dev/go-docker-template/backend/internal/1_framework/input/go-echo/mobile.go
[gosec] 2024/12/30 13:53:26 Panic when running SSA analyser on package: mobile
[gosec] 2024/12/30 13:53:26 Error building the SSA representation of the package "mobile": %!s(<nil>)
[gosec] 2024/12/30 13:53:26 Import directory: /home/yuji/Workspace/private_dev/go-docker-template/backend/internal/1_framework/input/go-echo/v1/user/login
[gosec] 2024/12/30 13:53:26 Checking package: v1
[gosec] 2024/12/30 13:53:26 Checking file: /home/yuji/Workspace/private_dev/go-docker-template/backend/internal/1_framework/input/go-echo/v1/route.go
[gosec] 2024/12/30 13:53:26 Panic when running SSA analyser on package: v1
[gosec] 2024/12/30 13:53:26 Error building the SSA representation of the package "v1": %!s(<nil>)
[gosec] 2024/12/30 13:53:26 Import directory: /home/yuji/Workspace/private_dev/go-docker-template/backend/internal/1_framework/input/go-echo/v1/user/logout
[gosec] 2024/12/30 13:53:26 Checking package: login
[gosec] 2024/12/30 13:53:26 Checking file: /home/yuji/Workspace/private_dev/go-docker-template/backend/internal/1_framework/input/go-echo/v1/user/login/get.go
[gosec] 2024/12/30 13:53:26 Checking file: /home/yuji/Workspace/private_dev/go-docker-template/backend/internal/1_framework/input/go-echo/v1/user/login/route.go
[gosec] 2024/12/30 13:53:26 Panic when running SSA analyser on package: login
[gosec] 2024/12/30 13:53:26 Error building the SSA representation of the package "login": %!s(<nil>)
[gosec] 2024/12/30 13:53:26 Checking package: logout
[gosec] 2024/12/30 13:53:26 Checking file: /home/yuji/Workspace/private_dev/go-docker-template/backend/internal/1_framework/input/go-echo/v1/user/logout/get.go
[gosec] 2024/12/30 13:53:26 Import directory: /home/yuji/Workspace/private_dev/go-docker-template/backend/internal/2_adapter/controller
[gosec] 2024/12/30 13:53:26 Checking file: /home/yuji/Workspace/private_dev/go-docker-template/backend/internal/1_framework/input/go-echo/v1/user/logout/route.go
[gosec] 2024/12/30 13:53:26 Panic when running SSA analyser on package: logout
[gosec] 2024/12/30 13:53:26 Error building the SSA representation of the package "logout": %!s(<nil>)
[gosec] 2024/12/30 13:53:26 Checking package: controller
[gosec] 2024/12/30 13:53:26 Checking file: /home/yuji/Workspace/private_dev/go-docker-template/backend/internal/2_adapter/controller/logic.go
[gosec] 2024/12/30 13:53:26 Import directory: /home/yuji/Workspace/private_dev/go-docker-template/backend/internal/3_usecase
[gosec] 2024/12/30 13:53:26 Checking file: /home/yuji/Workspace/private_dev/go-docker-template/backend/internal/2_adapter/controller/x_declaration.go
[gosec] 2024/12/30 13:53:26 Panic when running SSA analyser on package: controller
[gosec] 2024/12/30 13:53:26 Error building the SSA representation of the package "controller": %!s(<nil>)
[gosec] 2024/12/30 13:53:26 Import directory: /home/yuji/Workspace/private_dev/go-docker-template/backend/internal/4_domain
[gosec] 2024/12/30 13:53:26 Checking package: usecase
[gosec] 2024/12/30 13:53:26 Checking file: /home/yuji/Workspace/private_dev/go-docker-template/backend/internal/3_usecase/logic.go
[gosec] 2024/12/30 13:53:26 Checking file: /home/yuji/Workspace/private_dev/go-docker-template/backend/internal/3_usecase/x_declaration.go
[gosec] 2024/12/30 13:53:26 Checking package: domain
[gosec] 2024/12/30 13:53:26 Checking file: /home/yuji/Workspace/private_dev/go-docker-template/backend/internal/4_domain/logic.go
[gosec] 2024/12/30 13:53:26 Import directory: /home/yuji/Workspace/private_dev/go-docker-template/backend/internal/1_framework/db/postgres/models
[gosec] 2024/12/30 13:53:26 Checking file: /home/yuji/Workspace/private_dev/go-docker-template/backend/internal/4_domain/x_declaration.go
[gosec] 2024/12/30 13:53:26 Checking package: models
[gosec] 2024/12/30 13:53:26 Checking file: /home/yuji/Workspace/private_dev/go-docker-template/backend/internal/1_framework/db/postgres/models/db.xo.go
[gosec] 2024/12/30 13:53:26 Import directory: /home/yuji/Workspace/private_dev/go-docker-template/backend/internal/1_framework/input/go-echo/v1/person
[gosec] 2024/12/30 13:53:26 Checking file: /home/yuji/Workspace/private_dev/go-docker-template/backend/internal/1_framework/db/postgres/models/person.xo.go
[gosec] 2024/12/30 13:53:26 Checking package: person
[gosec] 2024/12/30 13:53:26 Checking file: /home/yuji/Workspace/private_dev/go-docker-template/backend/internal/1_framework/input/go-echo/v1/person/get.go
[gosec] 2024/12/30 13:53:26 Import directory: /home/yuji/Workspace/private_dev/go-docker-template/backend/internal/4_domain/primitive_object
[gosec] 2024/12/30 13:53:26 Checking file: /home/yuji/Workspace/private_dev/go-docker-template/backend/internal/1_framework/input/go-echo/v1/person/route.go
[gosec] 2024/12/30 13:53:26 Panic when running SSA analyser on package: person
[gosec] 2024/12/30 13:53:26 Error building the SSA representation of the package "person": %!s(<nil>)
[gosec] 2024/12/30 13:53:26 Checking package: primitive_object
[gosec] 2024/12/30 13:53:26 Checking file: /home/yuji/Workspace/private_dev/go-docker-template/backend/internal/4_domain/primitive_object/primitive_bool.go
[gosec] 2024/12/30 13:53:26 Import directory: /home/yuji/Workspace/private_dev/go-docker-template/backend/internal/4_domain/struct_object
[gosec] 2024/12/30 13:53:26 Checking file: /home/yuji/Workspace/private_dev/go-docker-template/backend/internal/4_domain/primitive_object/primitive_float64.go
[gosec] 2024/12/30 13:53:26 Checking file: /home/yuji/Workspace/private_dev/go-docker-template/backend/internal/4_domain/primitive_object/primitive_int.go
[gosec] 2024/12/30 13:53:26 Checking file: /home/yuji/Workspace/private_dev/go-docker-template/backend/internal/4_domain/primitive_object/primitive_int64.go
[gosec] 2024/12/30 13:53:26 Checking file: /home/yuji/Workspace/private_dev/go-docker-template/backend/internal/4_domain/primitive_object/primitive_slice_int.go
[gosec] 2024/12/30 13:53:27 Checking file: /home/yuji/Workspace/private_dev/go-docker-template/backend/internal/4_domain/primitive_object/primitive_slice_int64.go
[gosec] 2024/12/30 13:53:27 Checking file: /home/yuji/Workspace/private_dev/go-docker-template/backend/internal/4_domain/primitive_object/primitive_slice_string.go
[gosec] 2024/12/30 13:53:27 Checking file: /home/yuji/Workspace/private_dev/go-docker-template/backend/internal/4_domain/primitive_object/primitive_string.go
[gosec] 2024/12/30 13:53:27 Checking file: /home/yuji/Workspace/private_dev/go-docker-template/backend/internal/4_domain/primitive_object/primitive_time.go
[gosec] 2024/12/30 13:53:27 Checking package: struct_object
[gosec] 2024/12/30 13:53:27 Checking file: /home/yuji/Workspace/private_dev/go-docker-template/backend/internal/4_domain/struct_object/person.go
[gosec] 2024/12/30 13:53:27 Import directory: /home/yuji/Workspace/private_dev/go-docker-template/backend/internal/2_adapter/gateway
[gosec] 2024/12/30 13:53:27 Panic when running SSA analyser on package: struct_object
[gosec] 2024/12/30 13:53:27 Error building the SSA representation of the package "struct_object": %!s(<nil>)
[gosec] 2024/12/30 13:53:27 Checking package: gateway
[gosec] 2024/12/30 13:53:27 Checking file: /home/yuji/Workspace/private_dev/go-docker-template/backend/internal/2_adapter/gateway/postgres.go
[gosec] 2024/12/30 13:53:27 Import directory: /home/yuji/Workspace/private_dev/go-docker-template/backend/internal/2_adapter/presenter
[gosec] 2024/12/30 13:53:27 Checking file: /home/yuji/Workspace/private_dev/go-docker-template/backend/internal/2_adapter/gateway/x_declaration.go
[gosec] 2024/12/30 13:53:27 Import directory: /home/yuji/Workspace/private_dev/go-docker-template/backend/cmd
[gosec] 2024/12/30 13:53:27 Checking package: presenter
[gosec] 2024/12/30 13:53:27 Checking file: /home/yuji/Workspace/private_dev/go-docker-template/backend/internal/2_adapter/presenter/monitor.go
[gosec] 2024/12/30 13:53:27 Checking file: /home/yuji/Workspace/private_dev/go-docker-template/backend/internal/2_adapter/presenter/x_declaration.go
[gosec] 2024/12/30 13:53:27 Checking package: main
[gosec] 2024/12/30 13:53:27 Checking file: /home/yuji/Workspace/private_dev/go-docker-template/backend/cmd/main.go
[gosec] 2024/12/30 13:53:27 Panic when running SSA analyser on package: main
[gosec] 2024/12/30 13:53:27 Error building the SSA representation of the package "main": %!s(<nil>)
[gosec] 2024/12/30 13:53:27 Import directory: /home/yuji/Workspace/private_dev/go-docker-template/backend/internal/1_framework/input/go-echo/v1/user
[gosec] 2024/12/30 13:53:27 Checking package: user
[gosec] 2024/12/30 13:53:27 Checking file: /home/yuji/Workspace/private_dev/go-docker-template/backend/internal/1_framework/input/go-echo/v1/user/get.go
[gosec] 2024/12/30 13:53:27 Import directory: /home/yuji/Workspace/private_dev/go-docker-template/backend/internal/1_framework
[gosec] 2024/12/30 13:53:27 Checking file: /home/yuji/Workspace/private_dev/go-docker-template/backend/internal/1_framework/input/go-echo/v1/user/route.go
[gosec] 2024/12/30 13:53:27 Panic when running SSA analyser on package: user
[gosec] 2024/12/30 13:53:27 Error building the SSA representation of the package "user": %!s(<nil>)
[gosec] 2024/12/30 13:53:27 Import directory: /home/yuji/Workspace/private_dev/go-docker-template/backend/internal/1_framework/input/go-echo/v1/user/callback
[gosec] 2024/12/30 13:53:27 Checking package: app
[gosec] 2024/12/30 13:53:27 Checking file: /home/yuji/Workspace/private_dev/go-docker-template/backend/internal/1_framework/init.go
[gosec] 2024/12/30 13:53:27 Panic when running SSA analyser on package: app
[gosec] 2024/12/30 13:53:27 Error building the SSA representation of the package "app": %!s(<nil>)
[gosec] 2024/12/30 13:53:27 Checking package: callback
[gosec] 2024/12/30 13:53:27 Checking file: /home/yuji/Workspace/private_dev/go-docker-template/backend/internal/1_framework/input/go-echo/v1/user/callback/get.go
[gosec] 2024/12/30 13:53:27 Import directory: /home/yuji/Workspace/private_dev/go-docker-template/backend/internal/1_framework/input/go-echo/web_util
[gosec] 2024/12/30 13:53:27 Checking file: /home/yuji/Workspace/private_dev/go-docker-template/backend/internal/1_framework/input/go-echo/v1/user/callback/route.go
[gosec] 2024/12/30 13:53:27 Panic when running SSA analyser on package: callback
[gosec] 2024/12/30 13:53:27 Error building the SSA representation of the package "callback": %!s(<nil>)
[gosec] 2024/12/30 13:53:27 Import directory: /home/yuji/Workspace/private_dev/go-docker-template/backend/pkg
[gosec] 2024/12/30 13:53:27 Checking package: web_util
[gosec] 2024/12/30 13:53:27 Checking file: /home/yuji/Workspace/private_dev/go-docker-template/backend/internal/1_framework/input/go-echo/web_util/auth.go
[gosec] 2024/12/30 13:53:27 Panic when running SSA analyser on package: web_util
[gosec] 2024/12/30 13:53:27 Error building the SSA representation of the package "web_util": %!s(<nil>)
[gosec] 2024/12/30 13:53:27 Import directory: /home/yuji/Workspace/private_dev/go-docker-template/backend/internal/1_framework/db/postgres
[gosec] 2024/12/30 13:53:27 Checking package: pkg
[gosec] 2024/12/30 13:53:27 Checking file: /home/yuji/Workspace/private_dev/go-docker-template/backend/pkg/context.go
[gosec] 2024/12/30 13:53:27 Checking file: /home/yuji/Workspace/private_dev/go-docker-template/backend/pkg/logger.go
[gosec] 2024/12/30 13:53:27 Checking file: /home/yuji/Workspace/private_dev/go-docker-template/backend/pkg/variable.go
[gosec] 2024/12/30 13:53:27 Panic when running SSA analyser on package: pkg
[gosec] 2024/12/30 13:53:27 Error building the SSA representation of the package "pkg": %!s(<nil>)
[gosec] 2024/12/30 13:53:28 Import directory: /home/yuji/Workspace/private_dev/go-docker-template/backend/internal/1_framework/db/redis
[gosec] 2024/12/30 13:53:28 Checking package: postgres
[gosec] 2024/12/30 13:53:28 Checking file: /home/yuji/Workspace/private_dev/go-docker-template/backend/internal/1_framework/db/postgres/postgres.go
[gosec] 2024/12/30 13:53:28 Panic when running SSA analyser on package: postgres
[gosec] 2024/12/30 13:53:28 Error building the SSA representation of the package "postgres": %!s(<nil>)
[gosec] 2024/12/30 13:53:28 Checking package: redis
[gosec] 2024/12/30 13:53:28 Checking file: /home/yuji/Workspace/private_dev/go-docker-template/backend/internal/1_framework/db/redis/method.go
[gosec] 2024/12/30 13:53:28 Checking file: /home/yuji/Workspace/private_dev/go-docker-template/backend/internal/1_framework/db/redis/x_declaration.go
[gosec] 2024/12/30 13:53:28 Panic when running SSA analyser on package: redis
[gosec] 2024/12/30 13:53:28 Error building the SSA representation of the package "redis": %!s(<nil>)
